  [4;36;1mSQL (0.1ms)[0m   [0;1mSET NAMES 'utf8'[0m
  [4;35;1mSQL (0.1ms)[0m   [0mSET SQL_AUTO_IS_NULL=0[0m


Processing Rails::InfoController#properties (for 98.168.198.14 at 2012-09-15 20:16:25) [GET]
  [4;36;1mSQL (0.3ms)[0m   [0;1mSHOW TABLES[0m
Completed in 162ms (View: 2, DB: 0) | 200 OK [http://ruby.adamkoch.com/rails/info/properties]
  [4;36;1mSQL (0.1ms)[0m   [0;1mSET NAMES 'utf8'[0m
  [4;35;1mSQL (0.0ms)[0m   [0mSET SQL_AUTO_IS_NULL=0[0m


Processing Rails::InfoController#properties (for 98.168.198.14 at 2012-09-15 20:18:29) [GET]
  [4;36;1mSQL (0.3ms)[0m   [0;1mSHOW TABLES[0m
Completed in 166ms (View: 1, DB: 0) | 200 OK [http://ruby.adamkoch.com/rails/info/properties]
  [4;35;1mSQL (0.1ms)[0m   [0mSET NAMES 'utf8'[0m
  [4;36;1mSQL (0.0ms)[0m   [0;1mSET SQL_AUTO_IS_NULL=0[0m


Processing HomeController#index (for 98.168.198.14 at 2012-09-15 20:19:09) [GET]
Rendering home/index
Completed in 6ms (View: 5, DB: 0) | 200 OK [http://ruby.adamkoch.com/home]
  [4;36;1mSQL (0.1ms)[0m   [0;1mSET NAMES 'utf8'[0m
  [4;35;1mSQL (0.1ms)[0m   [0mSET SQL_AUTO_IS_NULL=0[0m


Processing HomeController#index (for 98.168.198.14 at 2012-09-15 20:21:29) [GET]
Rendering home/index
Completed in 98ms (View: 97, DB: 0) | 200 OK [http://ruby.adamkoch.com/home]
  [4;36;1mSQL (0.1ms)[0m   [0;1mSET NAMES 'utf8'[0m
  [4;35;1mSQL (0.0ms)[0m   [0mSET SQL_AUTO_IS_NULL=0[0m


Processing HomeController#index (for 98.168.198.14 at 2012-09-15 20:24:00) [GET]
Rendering home/index
Completed in 2ms (View: 1, DB: 0) | 200 OK [http://ruby.adamkoch.com/home]
  [4;36;1mSQL (0.1ms)[0m   [0;1mSET NAMES 'utf8'[0m
  [4;35;1mSQL (0.1ms)[0m   [0mSET SQL_AUTO_IS_NULL=0[0m


Processing HomeController#index (for 98.168.198.14 at 2012-09-15 20:24:01) [GET]
Rendering home/index
Completed in 2ms (View: 1, DB: 0) | 200 OK [http://ruby.adamkoch.com/home]
  [4;36;1mSQL (0.1ms)[0m   [0;1mSET NAMES 'utf8'[0m
  [4;35;1mSQL (0.0ms)[0m   [0mSET SQL_AUTO_IS_NULL=0[0m


Processing ApplicationController#index (for 98.168.198.14 at 2012-09-15 20:24:51) [GET]

ActionController::RoutingError (No route matches "/public/rails/info/properties" with {:method=>:get}):
  dispatch.fcgi:24

Rendering rescues/layout (not_found)
  [4;36;1mSQL (0.1ms)[0m   [0;1mSET NAMES 'utf8'[0m
  [4;35;1mSQL (0.0ms)[0m   [0mSET SQL_AUTO_IS_NULL=0[0m


Processing ApplicationController#index (for 98.168.198.14 at 2012-09-15 20:24:52) [GET]

ActionController::RoutingError (No route matches "/public/rails/info/properties" with {:method=>:get}):
  dispatch.fcgi:24

Rendering rescues/layout (not_found)
  [4;36;1mSQL (0.1ms)[0m   [0;1mSET NAMES 'utf8'[0m
  [4;35;1mSQL (0.0ms)[0m   [0mSET SQL_AUTO_IS_NULL=0[0m


Processing ApplicationController#index (for 98.168.198.14 at 2012-09-15 20:24:52) [GET]

ActionController::RoutingError (No route matches "/public/rails/info/properties" with {:method=>:get}):
  dispatch.fcgi:24

Rendering rescues/layout (not_found)
  [4;36;1mSQL (0.1ms)[0m   [0;1mSET NAMES 'utf8'[0m
  [4;35;1mSQL (0.1ms)[0m   [0mSET SQL_AUTO_IS_NULL=0[0m


Processing ApplicationController#index (for 98.168.198.14 at 2012-09-15 20:24:59) [GET]

ActionController::RoutingError (No route matches "/public/home" with {:method=>:get}):
  dispatch.fcgi:24

Rendering rescues/layout (not_found)
  [4;36;1mSQL (0.1ms)[0m   [0;1mSET NAMES 'utf8'[0m
  [4;35;1mSQL (0.1ms)[0m   [0mSET SQL_AUTO_IS_NULL=0[0m


Processing HomeController#index (for 98.168.198.14 at 2012-09-15 20:25:04) [GET]
Rendering home/index
Completed in 2ms (View: 1, DB: 0) | 200 OK [http://ruby.adamkoch.com/home]
  [4;36;1mSQL (0.1ms)[0m   [0;1mSET NAMES 'utf8'[0m
  [4;35;1mSQL (0.0ms)[0m   [0mSET SQL_AUTO_IS_NULL=0[0m


Processing ApplicationController#index (for 98.168.198.14 at 2012-09-15 20:26:19) [GET]

ActionController::RoutingError (No route matches "/public/rails/info/properties" with {:method=>:get}):
  dispatch.fcgi:24

Rendering rescues/layout (not_found)
  [4;36;1mSQL (0.1ms)[0m   [0;1mSET NAMES 'utf8'[0m
  [4;35;1mSQL (0.3ms)[0m   [0mSET SQL_AUTO_IS_NULL=0[0m


Processing ApplicationController#index (for 98.168.198.14 at 2012-09-15 20:31:09) [GET]

ActionController::RoutingError (No route matches "/public/home" with {:method=>:get}):
  dispatch.fcgi:24

Rendering rescues/layout (not_found)
  [4;36;1mSQL (0.1ms)[0m   [0;1mSET NAMES 'utf8'[0m
  [4;35;1mSQL (0.0ms)[0m   [0mSET SQL_AUTO_IS_NULL=0[0m


Processing ApplicationController#index (for 98.168.198.14 at 2012-09-15 20:32:26) [GET]

ActionController::RoutingError (No route matches "/public/home" with {:method=>:get}):
  dispatch.fcgi:24

Rendering rescues/layout (not_found)
  [4;36;1mSQL (0.1ms)[0m   [0;1mSET NAMES 'utf8'[0m
  [4;35;1mSQL (0.0ms)[0m   [0mSET SQL_AUTO_IS_NULL=0[0m


Processing ApplicationController#index (for 98.168.198.14 at 2012-09-15 20:34:23) [GET]

ActionController::RoutingError (No route matches "/public/home" with {:method=>:get}):
  dispatch.fcgi:24

Rendering rescues/layout (not_found)
  [4;36;1mSQL (0.1ms)[0m   [0;1mSET NAMES 'utf8'[0m
  [4;35;1mSQL (0.0ms)[0m   [0mSET SQL_AUTO_IS_NULL=0[0m


Processing ApplicationController#index (for 98.168.198.14 at 2012-09-15 20:34:26) [GET]

ActionController::RoutingError (No route matches "/public/home" with {:method=>:get}):
  dispatch.fcgi:24

Rendering rescues/layout (not_found)
  [4;36;1mSQL (0.1ms)[0m   [0;1mSET NAMES 'utf8'[0m
  [4;35;1mSQL (0.0ms)[0m   [0mSET SQL_AUTO_IS_NULL=0[0m


Processing ApplicationController#index (for 98.168.198.14 at 2012-09-15 20:35:19) [GET]

ActionController::RoutingError (No route matches "/public/home" with {:method=>:get}):
  dispatch.fcgi:24

Rendering rescues/layout (not_found)
  [4;36;1mSQL (0.1ms)[0m   [0;1mSET NAMES 'utf8'[0m
  [4;35;1mSQL (0.0ms)[0m   [0mSET SQL_AUTO_IS_NULL=0[0m


Processing ApplicationController#index (for 98.168.198.14 at 2012-09-15 20:35:20) [GET]

ActionController::RoutingError (No route matches "/public/home" with {:method=>:get}):
  dispatch.fcgi:24

Rendering rescues/layout (not_found)
  [4;36;1mSQL (0.1ms)[0m   [0;1mSET NAMES 'utf8'[0m
  [4;35;1mSQL (0.0ms)[0m   [0mSET SQL_AUTO_IS_NULL=0[0m


Processing ApplicationController#index (for 98.168.198.14 at 2012-09-15 20:35:44) [GET]

ActionController::RoutingError (No route matches "/public/home" with {:method=>:get}):
  dispatch.fcgi:24

Rendering rescues/layout (not_found)
  [4;36;1mSQL (0.1ms)[0m   [0;1mSET NAMES 'utf8'[0m
  [4;35;1mSQL (0.1ms)[0m   [0mSET SQL_AUTO_IS_NULL=0[0m


Processing ApplicationController#index (for 98.168.198.14 at 2012-09-15 20:35:45) [GET]

ActionController::RoutingError (No route matches "/public/home" with {:method=>:get}):
  dispatch.fcgi:24

Rendering rescues/layout (not_found)
  [4;36;1mSQL (0.1ms)[0m   [0;1mSET NAMES 'utf8'[0m
  [4;35;1mSQL (0.1ms)[0m   [0mSET SQL_AUTO_IS_NULL=0[0m


Processing ApplicationController#index (for 98.168.198.14 at 2012-09-15 20:35:46) [GET]

ActionController::RoutingError (No route matches "/public/home" with {:method=>:get}):
  dispatch.fcgi:24

Rendering rescues/layout (not_found)
  [4;36;1mSQL (0.1ms)[0m   [0;1mSET NAMES 'utf8'[0m
  [4;35;1mSQL (0.0ms)[0m   [0mSET SQL_AUTO_IS_NULL=0[0m


Processing ApplicationController#index (for 98.168.198.14 at 2012-09-15 20:37:57) [GET]

ActionController::RoutingError (No route matches "/public/home" with {:method=>:get}):
  dispatch.fcgi:24

Rendering rescues/layout (not_found)
  [4;36;1mSQL (0.1ms)[0m   [0;1mSET NAMES 'utf8'[0m
  [4;35;1mSQL (0.0ms)[0m   [0mSET SQL_AUTO_IS_NULL=0[0m


Processing ApplicationController#index (for 98.168.198.14 at 2012-09-15 20:39:28) [GET]

ActionController::RoutingError (No route matches "/public/home" with {:method=>:get}):
  dispatch.fcgi:24

Rendering rescues/layout (not_found)
  [4;36;1mSQL (0.1ms)[0m   [0;1mSET NAMES 'utf8'[0m
  [4;35;1mSQL (0.0ms)[0m   [0mSET SQL_AUTO_IS_NULL=0[0m


Processing ApplicationController#index (for 98.168.198.14 at 2012-09-15 20:39:29) [GET]

ActionController::RoutingError (No route matches "/public/home" with {:method=>:get}):
  dispatch.fcgi:24

Rendering rescues/layout (not_found)
  [4;36;1mSQL (0.1ms)[0m   [0;1mSET NAMES 'utf8'[0m
  [4;35;1mSQL (0.0ms)[0m   [0mSET SQL_AUTO_IS_NULL=0[0m


Processing ApplicationController#index (for 98.168.198.14 at 2012-09-15 20:42:12) [GET]

ActionController::RoutingError (No route matches "/public/homte" with {:method=>:get}):
  dispatch.fcgi:24

Rendering rescues/layout (not_found)
  [4;36;1mSQL (0.1ms)[0m   [0;1mSET NAMES 'utf8'[0m
  [4;35;1mSQL (0.0ms)[0m   [0mSET SQL_AUTO_IS_NULL=0[0m


Processing ApplicationController#index (for 98.168.198.14 at 2012-09-15 20:42:16) [GET]

ActionController::RoutingError (No route matches "/public/home" with {:method=>:get}):
  dispatch.fcgi:24

Rendering rescues/layout (not_found)
  [4;36;1mSQL (0.1ms)[0m   [0;1mSET NAMES 'utf8'[0m
  [4;35;1mSQL (0.0ms)[0m   [0mSET SQL_AUTO_IS_NULL=0[0m


Processing ApplicationController#index (for 98.168.198.14 at 2012-09-15 20:45:18) [GET]

ActionController::RoutingError (No route matches "/public/home" with {:method=>:get}):
  dispatch.fcgi:24

Rendering rescues/layout (not_found)
  [4;36;1mSQL (0.1ms)[0m   [0;1mSET NAMES 'utf8'[0m
  [4;35;1mSQL (0.0ms)[0m   [0mSET SQL_AUTO_IS_NULL=0[0m


Processing ApplicationController#index (for 98.168.198.14 at 2012-09-15 20:45:21) [GET]

ActionController::RoutingError (No route matches "/public/home" with {:method=>:get}):
  dispatch.fcgi:24

Rendering rescues/layout (not_found)
  [4;36;1mSQL (0.1ms)[0m   [0;1mSET NAMES 'utf8'[0m
  [4;35;1mSQL (0.0ms)[0m   [0mSET SQL_AUTO_IS_NULL=0[0m


Processing ApplicationController#index (for 98.168.198.14 at 2012-09-15 20:45:22) [GET]

ActionController::RoutingError (No route matches "/public/home" with {:method=>:get}):
  dispatch.fcgi:24

Rendering rescues/layout (not_found)
  [4;36;1mSQL (0.1ms)[0m   [0;1mSET NAMES 'utf8'[0m
  [4;35;1mSQL (0.0ms)[0m   [0mSET SQL_AUTO_IS_NULL=0[0m


Processing ApplicationController#index (for 98.168.198.14 at 2012-09-15 20:45:41) [GET]

ActionController::RoutingError (No route matches "/public/home" with {:method=>:get}):
  dispatch.fcgi:24

Rendering rescues/layout (not_found)
  [4;36;1mSQL (0.1ms)[0m   [0;1mSET NAMES 'utf8'[0m
  [4;35;1mSQL (0.1ms)[0m   [0mSET SQL_AUTO_IS_NULL=0[0m


Processing ApplicationController#index (for 98.168.198.14 at 2012-09-15 20:45:42) [GET]

ActionController::RoutingError (No route matches "/public/home" with {:method=>:get}):
  dispatch.fcgi:24

Rendering rescues/layout (not_found)
  [4;36;1mSQL (0.1ms)[0m   [0;1mSET NAMES 'utf8'[0m
  [4;35;1mSQL (0.1ms)[0m   [0mSET SQL_AUTO_IS_NULL=0[0m


Processing ApplicationController#index (for 98.168.198.14 at 2012-09-15 20:46:00) [GET]

ActionController::RoutingError (No route matches "/public/home" with {:method=>:get}):
  dispatch.fcgi:24

Rendering rescues/layout (not_found)
  [4;36;1mSQL (20.0ms)[0m   [0;1mSET NAMES 'utf8'[0m
  [4;35;1mSQL (19.6ms)[0m   [0mSET SQL_AUTO_IS_NULL=0[0m


Processing ApplicationController#index (for 98.168.198.14 at 2012-09-15 20:46:01) [GET]

ActionController::RoutingError (No route matches "/public/home" with {:method=>:get}):
  dispatch.fcgi:24

Rendering rescues/layout (not_found)
  [4;36;1mSQL (0.1ms)[0m   [0;1mSET NAMES 'utf8'[0m
  [4;35;1mSQL (0.0ms)[0m   [0mSET SQL_AUTO_IS_NULL=0[0m


Processing ApplicationController#index (for 98.168.198.14 at 2012-09-15 20:46:09) [GET]

ActionController::RoutingError (No route matches "/public/rails/info/properties" with {:method=>:get}):
  dispatch.fcgi:24

Rendering rescues/layout (not_found)
  [4;36;1mSQL (0.1ms)[0m   [0;1mSET NAMES 'utf8'[0m
  [4;35;1mSQL (0.0ms)[0m   [0mSET SQL_AUTO_IS_NULL=0[0m


Processing ApplicationController#index (for 98.168.198.14 at 2012-09-15 20:47:35) [GET]

ActionController::RoutingError (No route matches "/public/home" with {:method=>:get}):
  dispatch.fcgi:24

Rendering rescues/layout (not_found)
  [4;36;1mSQL (1.5ms)[0m   [0;1mSET NAMES 'utf8'[0m
  [4;35;1mSQL (6.4ms)[0m   [0mSET SQL_AUTO_IS_NULL=0[0m


Processing ApplicationController#index (for 98.168.198.14 at 2012-09-15 20:48:29) [GET]

ActionController::RoutingError (No route matches "/public/home" with {:method=>:get}):
  dispatch.fcgi:24

Rendering rescues/layout (not_found)
  [4;36;1mSQL (0.1ms)[0m   [0;1mSET NAMES 'utf8'[0m
  [4;35;1mSQL (0.0ms)[0m   [0mSET SQL_AUTO_IS_NULL=0[0m


Processing ApplicationController#index (for 98.168.198.14 at 2012-09-15 20:48:30) [GET]

ActionController::RoutingError (No route matches "/public/home" with {:method=>:get}):
  dispatch.fcgi:24

Rendering rescues/layout (not_found)
  [4;36;1mSQL (0.1ms)[0m   [0;1mSET NAMES 'utf8'[0m
  [4;35;1mSQL (0.1ms)[0m   [0mSET SQL_AUTO_IS_NULL=0[0m


Processing ApplicationController#index (for 98.168.198.14 at 2012-09-15 20:48:51) [GET]

ActionController::RoutingError (No route matches "/public/home" with {:method=>:get}):
  dispatch.fcgi:24

Rendering rescues/layout (not_found)
  [4;36;1mSQL (0.1ms)[0m   [0;1mSET NAMES 'utf8'[0m
  [4;35;1mSQL (0.1ms)[0m   [0mSET SQL_AUTO_IS_NULL=0[0m


Processing ApplicationController#index (for 98.168.198.14 at 2012-09-15 20:48:53) [GET]

ActionController::RoutingError (No route matches "/public/home" with {:method=>:get}):
  dispatch.fcgi:24

Rendering rescues/layout (not_found)
  [4;36;1mSQL (0.1ms)[0m   [0;1mSET NAMES 'utf8'[0m
  [4;35;1mSQL (0.1ms)[0m   [0mSET SQL_AUTO_IS_NULL=0[0m


Processing ApplicationController#index (for 98.168.198.14 at 2012-09-15 20:49:23) [GET]

ActionController::RoutingError (No route matches "/public/home" with {:method=>:get}):
  dispatch.fcgi:24

Rendering rescues/layout (not_found)
  [4;36;1mSQL (0.1ms)[0m   [0;1mSET NAMES 'utf8'[0m
  [4;35;1mSQL (0.1ms)[0m   [0mSET SQL_AUTO_IS_NULL=0[0m


Processing ApplicationController#index (for 98.168.198.14 at 2012-09-15 20:49:24) [GET]

ActionController::RoutingError (No route matches "/public/home" with {:method=>:get}):
  dispatch.fcgi:24

Rendering rescues/layout (not_found)
  [4;36;1mSQL (0.1ms)[0m   [0;1mSET NAMES 'utf8'[0m
  [4;35;1mSQL (0.0ms)[0m   [0mSET SQL_AUTO_IS_NULL=0[0m


Processing ApplicationController#index (for 98.168.198.14 at 2012-09-15 20:49:41) [GET]

ActionController::RoutingError (No route matches "/public/home" with {:method=>:get}):
  dispatch.fcgi:24

Rendering rescues/layout (not_found)
  [4;36;1mSQL (0.1ms)[0m   [0;1mSET NAMES 'utf8'[0m
  [4;35;1mSQL (0.0ms)[0m   [0mSET SQL_AUTO_IS_NULL=0[0m


Processing ApplicationController#index (for 98.168.198.14 at 2012-09-15 20:49:42) [GET]

ActionController::RoutingError (No route matches "/public/home" with {:method=>:get}):
  dispatch.fcgi:24

Rendering rescues/layout (not_found)
  [4;36;1mSQL (0.1ms)[0m   [0;1mSET NAMES 'utf8'[0m
  [4;35;1mSQL (0.0ms)[0m   [0mSET SQL_AUTO_IS_NULL=0[0m


Processing ApplicationController#index (for 98.168.198.14 at 2012-09-15 20:49:58) [GET]

ActionController::RoutingError (No route matches "/public/home" with {:method=>:get}):
  dispatch.fcgi:24

Rendering rescues/layout (not_found)
  [4;36;1mSQL (0.1ms)[0m   [0;1mSET NAMES 'utf8'[0m
  [4;35;1mSQL (0.0ms)[0m   [0mSET SQL_AUTO_IS_NULL=0[0m


Processing ApplicationController#index (for 98.168.198.14 at 2012-09-15 20:49:58) [GET]

ActionController::RoutingError (No route matches "/public/home" with {:method=>:get}):
  dispatch.fcgi:24

Rendering rescues/layout (not_found)
  [4;36;1mSQL (0.1ms)[0m   [0;1mSET NAMES 'utf8'[0m
  [4;35;1mSQL (0.1ms)[0m   [0mSET SQL_AUTO_IS_NULL=0[0m


Processing ApplicationController#index (for 98.168.198.14 at 2012-09-15 20:50:32) [GET]

ActionController::RoutingError (No route matches "/public/home" with {:method=>:get}):
  dispatch.fcgi:24

Rendering rescues/layout (not_found)
  [4;36;1mSQL (0.1ms)[0m   [0;1mSET NAMES 'utf8'[0m
  [4;35;1mSQL (0.1ms)[0m   [0mSET SQL_AUTO_IS_NULL=0[0m


Processing ApplicationController#index (for 98.168.198.14 at 2012-09-15 20:50:33) [GET]

ActionController::RoutingError (No route matches "/public/home" with {:method=>:get}):
  dispatch.fcgi:24

Rendering rescues/layout (not_found)
  [4;36;1mSQL (0.1ms)[0m   [0;1mSET NAMES 'utf8'[0m
  [4;35;1mSQL (0.0ms)[0m   [0mSET SQL_AUTO_IS_NULL=0[0m


Processing ApplicationController#index (for 98.168.198.14 at 2012-09-15 20:52:17) [GET]

ActionController::RoutingError (No route matches "/public/home" with {:method=>:get}):
  dispatch.fcgi:24

Rendering rescues/layout (not_found)
  [4;36;1mSQL (0.1ms)[0m   [0;1mSET NAMES 'utf8'[0m
  [4;35;1mSQL (0.1ms)[0m   [0mSET SQL_AUTO_IS_NULL=0[0m


Processing ApplicationController#index (for 98.168.198.14 at 2012-09-15 20:52:18) [GET]

ActionController::RoutingError (No route matches "/public/home" with {:method=>:get}):
  dispatch.fcgi:24

Rendering rescues/layout (not_found)
  [4;36;1mSQL (0.1ms)[0m   [0;1mSET NAMES 'utf8'[0m
  [4;35;1mSQL (0.0ms)[0m   [0mSET SQL_AUTO_IS_NULL=0[0m


Processing ApplicationController#index (for 98.168.198.14 at 2012-09-15 20:52:19) [GET]

ActionController::RoutingError (No route matches "/public/home" with {:method=>:get}):
  dispatch.fcgi:24

Rendering rescues/layout (not_found)
  [4;36;1mSQL (0.1ms)[0m   [0;1mSET NAMES 'utf8'[0m
  [4;35;1mSQL (0.0ms)[0m   [0mSET SQL_AUTO_IS_NULL=0[0m


Processing ApplicationController#index (for 98.168.198.14 at 2012-09-15 20:52:20) [GET]

ActionController::RoutingError (No route matches "/public/home" with {:method=>:get}):
  dispatch.fcgi:24

Rendering rescues/layout (not_found)
  [4;36;1mSQL (0.1ms)[0m   [0;1mSET NAMES 'utf8'[0m
  [4;35;1mSQL (0.1ms)[0m   [0mSET SQL_AUTO_IS_NULL=0[0m


Processing HomeController#index (for 98.168.198.14 at 2012-09-15 21:05:11) [GET]
Rendering home/index
Completed in 7ms (View: 6, DB: 0) | 200 OK [http://ruby.adamkoch.com/home]
  [4;36;1mSQL (0.1ms)[0m   [0;1mSET NAMES 'utf8'[0m
  [4;35;1mSQL (0.0ms)[0m   [0mSET SQL_AUTO_IS_NULL=0[0m


Processing HomeController#index (for 98.168.198.14 at 2012-09-15 21:06:30) [GET]
Rendering home/index
Completed in 4ms (View: 3, DB: 0) | 200 OK [http://ruby.adamkoch.com/home]
  [4;36;1mSQL (0.1ms)[0m   [0;1mSET NAMES 'utf8'[0m
  [4;35;1mSQL (0.1ms)[0m   [0mSET SQL_AUTO_IS_NULL=0[0m


Processing HomeController#index (for 98.168.198.14 at 2012-09-15 21:07:00) [GET]
Rendering home/index
Completed in 4ms (View: 3, DB: 0) | 200 OK [http://ruby.adamkoch.com/home]
  [4;36;1mSQL (0.1ms)[0m   [0;1mSET NAMES 'utf8'[0m
  [4;35;1mSQL (0.0ms)[0m   [0mSET SQL_AUTO_IS_NULL=0[0m


Processing HomeController#aakoch (for 98.168.198.14 at 2012-09-15 21:07:20) [GET]

ActionController::UnknownAction (No action responded to aakoch. Actions: index):
  dispatch.fcgi:24

Rendering rescues/layout (not_found)
  [4;36;1mSQL (0.1ms)[0m   [0;1mSET NAMES 'utf8'[0m
  [4;35;1mSQL (0.1ms)[0m   [0mSET SQL_AUTO_IS_NULL=0[0m


Processing HomeController#index (for 98.168.198.14 at 2012-09-16 12:18:46) [GET]
Rendering home/index
Completed in 52ms (View: 50, DB: 0) | 200 OK [http://ruby.adamkoch.com/home]
  [4;36;1mSQL (0.1ms)[0m   [0;1mSET NAMES 'utf8'[0m
  [4;35;1mSQL (0.1ms)[0m   [0mSET SQL_AUTO_IS_NULL=0[0m


Processing HomeController#index (for 98.168.198.14 at 2012-09-16 12:20:01) [GET]
  Parameters: {"name"=>"Adam"}
Rendering home/index
Completed in 134ms (View: 23, DB: 0) | 200 OK [http://ruby.adamkoch.com/home?name=Adam]
  [4;36;1mSQL (0.1ms)[0m   [0;1mSET NAMES 'utf8'[0m
  [4;35;1mSQL (0.0ms)[0m   [0mSET SQL_AUTO_IS_NULL=0[0m


Processing HomeController#index (for 98.168.198.14 at 2012-09-16 12:29:16) [GET]
Rendering home/index
Completed in 2ms (View: 1, DB: 0) | 200 OK [http://ruby.adamkoch.com/]
  [4;36;1mSQL (0.1ms)[0m   [0;1mSET NAMES 'utf8'[0m
  [4;35;1mSQL (0.0ms)[0m   [0mSET SQL_AUTO_IS_NULL=0[0m


Processing HomeController#index (for 98.168.198.14 at 2012-09-16 12:31:31) [GET]
Rendering home/index
Completed in 4ms (View: 3, DB: 0) | 200 OK [http://ruby.adamkoch.com/]
  [4;36;1mSQL (0.1ms)[0m   [0;1mSET NAMES 'utf8'[0m
  [4;35;1mSQL (0.0ms)[0m   [0mSET SQL_AUTO_IS_NULL=0[0m


Processing HomeController#index (for 98.168.198.14 at 2012-09-16 12:31:34) [GET]
  Parameters: {"name"=>"Adam"}
Rendering home/index
Completed in 2ms (View: 1, DB: 0) | 200 OK [http://ruby.adamkoch.com/home?name=Adam]
  [4;36;1mSQL (0.1ms)[0m   [0;1mSET NAMES 'utf8'[0m
  [4;35;1mSQL (0.0ms)[0m   [0mSET SQL_AUTO_IS_NULL=0[0m


Processing HomeController#index (for 98.168.198.14 at 2012-09-16 12:31:36) [GET]
  Parameters: {"name"=>"Adam"}
Rendering home/index
Completed in 2ms (View: 1, DB: 0) | 200 OK [http://ruby.adamkoch.com/home?name=Adam]
  [4;36;1mSQL (0.1ms)[0m   [0;1mSET NAMES 'utf8'[0m
  [4;35;1mSQL (0.0ms)[0m   [0mSET SQL_AUTO_IS_NULL=0[0m


Processing HomeController#index (for 98.168.198.14 at 2012-09-16 12:31:42) [GET]
  Parameters: {"name"=>""}
Rendering home/index
Completed in 2ms (View: 1, DB: 0) | 200 OK [http://ruby.adamkoch.com/home?name=]
  [4;36;1mSQL (0.1ms)[0m   [0;1mSET NAMES 'utf8'[0m
  [4;35;1mSQL (0.0ms)[0m   [0mSET SQL_AUTO_IS_NULL=0[0m


Processing HomeController#index (for 98.168.198.14 at 2012-09-16 12:31:46) [GET]
  Parameters: {"name"=>""}
Rendering home/index
Completed in 2ms (View: 0, DB: 0) | 200 OK [http://ruby.adamkoch.com/home?name=]
  [4;36;1mSQL (0.1ms)[0m   [0;1mSET NAMES 'utf8'[0m
  [4;35;1mSQL (0.0ms)[0m   [0mSET SQL_AUTO_IS_NULL=0[0m


Processing HomeController#index (for 98.168.198.14 at 2012-09-16 12:32:47) [GET]
  Parameters: {"name"=>""}
Rendering home/index
Completed in 4ms (View: 3, DB: 0) | 200 OK [http://ruby.adamkoch.com/home?name=]
  [4;36;1mSQL (0.1ms)[0m   [0;1mSET NAMES 'utf8'[0m
  [4;35;1mSQL (0.0ms)[0m   [0mSET SQL_AUTO_IS_NULL=0[0m


Processing HomeController#index (for 98.168.198.14 at 2012-09-16 12:32:51) [GET]
  Parameters: {"name"=>"Adam"}
Rendering home/index
Completed in 2ms (View: 1, DB: 0) | 200 OK [http://ruby.adamkoch.com/home?name=Adam]
  [4;36;1mSQL (0.1ms)[0m   [0;1mSET NAMES 'utf8'[0m
  [4;35;1mSQL (0.1ms)[0m   [0mSET SQL_AUTO_IS_NULL=0[0m


Processing HomeController#index (for 98.168.198.14 at 2012-09-16 12:32:52) [GET]
Rendering home/index
Completed in 2ms (View: 1, DB: 0) | 200 OK [http://ruby.adamkoch.com/home]
  [4;36;1mSQL (0.1ms)[0m   [0;1mSET NAMES 'utf8'[0m
  [4;35;1mSQL (0.1ms)[0m   [0mSET SQL_AUTO_IS_NULL=0[0m
  [4;36;1mSQL (12.7ms)[0m   [0;1mSHOW TABLES[0m
  [4;35;1mSQL (53.9ms)[0m   [0mCREATE TABLE `schema_migrations` (`version` varchar(255) NOT NULL) ENGINE=InnoDB[0m
  [4;36;1mSQL (17.5ms)[0m   [0;1mSHOW KEYS FROM `schema_migrations`[0m
  [4;35;1mSQL (104.8ms)[0m   [0mCREATE UNIQUE INDEX `unique_schema_migrations` ON `schema_migrations` (`version`)[0m
  [4;36;1mSQL (0.2ms)[0m   [0;1mSHOW TABLES[0m
  [4;35;1mSQL (0.2ms)[0m   [0mSHOW TABLES[0m
  [4;36;1mSQL (0.2ms)[0m   [0;1mSELECT version FROM schema_migrations[0m
  [4;35;1mSQL (0.1ms)[0m   [0mSHOW TABLES[0m
  [4;36;1mSQL (0.1ms)[0m   [0;1mSET NAMES 'utf8'[0m
  [4;35;1mSQL (0.1ms)[0m   [0mSET SQL_AUTO_IS_NULL=0[0m


Processing HomeController#index (for 98.168.198.14 at 2012-09-16 18:59:58) [GET]
Rendering home/index
Completed in 25ms (View: 24, DB: 0) | 200 OK [http://ruby.adamkoch.com/]
  [4;36;1mSQL (0.1ms)[0m   [0;1mSET NAMES 'utf8'[0m
  [4;35;1mSQL (0.1ms)[0m   [0mSET SQL_AUTO_IS_NULL=0[0m


Processing HomeController#index (for 98.168.198.14 at 2012-09-16 19:00:44) [GET]
Rendering home/index

ActionView::TemplateError (undefined local variable or method `item_path' for #<ActionView::Base:0x7f4130bd65f0>) on line #2 of app/views/home/index.html.erb:
1: <h1>Hello, <%= params[:name].blank? ? "World" :  params[:name] %></h1>
2: <%= link_to "Items", item_path %>

    app/views/home/index.html.erb:2
    dispatch.fcgi:24

Rendered rescues/_trace (30.6ms)
Rendered rescues/_request_and_response (1.1ms)
Rendering rescues/layout (internal_server_error)
  [4;36;1mSQL (0.1ms)[0m   [0;1mSET NAMES 'utf8'[0m
  [4;35;1mSQL (0.1ms)[0m   [0mSET SQL_AUTO_IS_NULL=0[0m


Processing HomeController#index (for 98.168.198.14 at 2012-09-16 19:01:42) [GET]
Rendering home/index

ActionView::TemplateError (uninitialized constant ActionView::Base::CompiledTemplates::Item_path) on line #2 of app/views/home/index.html.erb:
1: <h1>Hello, <%= params[:name].blank? ? "World" :  params[:name] %></h1>
2: <%= link_to "Items", Item_path %>

    app/views/home/index.html.erb:2
    dispatch.fcgi:24

Rendered rescues/_trace (30.7ms)
Rendered rescues/_request_and_response (0.2ms)
Rendering rescues/layout (internal_server_error)
  [4;36;1mSQL (0.1ms)[0m   [0;1mSET NAMES 'utf8'[0m
  [4;35;1mSQL (0.0ms)[0m   [0mSET SQL_AUTO_IS_NULL=0[0m
  [4;36;1mSQL (0.2ms)[0m   [0;1mSHOW TABLES[0m
  [4;35;1mSQL (0.4ms)[0m   [0mSELECT version FROM schema_migrations[0m
Migrating to CreateItems (20120917000634)
  [4;36;1mSQL (43.5ms)[0m   [0;1mCREATE TABLE `items` (`id` int(11) DEFAULT NULL auto_increment PRIMARY KEY, `title` varchar(255), `created_at` datetime, `updated_at` datetime) ENGINE=InnoDB[0m
  [4;35;1mSQL (8.8ms)[0m   [0mINSERT INTO schema_migrations (version) VALUES ('20120917000634')[0m
  [4;36;1mSQL (0.3ms)[0m   [0;1mSHOW TABLES[0m
  [4;35;1mSQL (0.3ms)[0m   [0mSELECT version FROM schema_migrations[0m
  [4;36;1mSQL (17.4ms)[0m   [0;1mSHOW TABLES[0m
  [4;35;1mSQL (1.0ms)[0m   [0mSHOW FIELDS FROM `items`[0m
  [4;36;1mSQL (0.6ms)[0m   [0;1mdescribe `items`[0m
  [4;35;1mSQL (0.2ms)[0m   [0mSHOW KEYS FROM `items`[0m
  [4;36;1mSQL (0.1ms)[0m   [0;1mSET NAMES 'utf8'[0m
  [4;35;1mSQL (0.0ms)[0m   [0mSET SQL_AUTO_IS_NULL=0[0m


Processing HomeController#index (for 98.168.198.14 at 2012-09-16 19:07:12) [GET]
Rendering home/index

ActionView::TemplateError (uninitialized constant ActionView::Base::CompiledTemplates::Item_path) on line #2 of app/views/home/index.html.erb:
1: <h1>Hello, <%= params[:name].blank? ? "World" :  params[:name] %></h1>
2: <%= link_to "Items", Item_path %>

    app/views/home/index.html.erb:2
    dispatch.fcgi:24

Rendered rescues/_trace (115.6ms)
Rendered rescues/_request_and_response (0.3ms)
Rendering rescues/layout (internal_server_error)
  [4;36;1mSQL (0.1ms)[0m   [0;1mSET NAMES 'utf8'[0m
  [4;35;1mSQL (0.0ms)[0m   [0mSET SQL_AUTO_IS_NULL=0[0m


Processing HomeController#index (for 98.168.198.14 at 2012-09-16 19:07:14) [GET]
Rendering home/index

ActionView::TemplateError (uninitialized constant ActionView::Base::CompiledTemplates::Item_path) on line #2 of app/views/home/index.html.erb:
1: <h1>Hello, <%= params[:name].blank? ? "World" :  params[:name] %></h1>
2: <%= link_to "Items", Item_path %>

    app/views/home/index.html.erb:2
    dispatch.fcgi:24

Rendered rescues/_trace (29.8ms)
Rendered rescues/_request_and_response (0.2ms)
Rendering rescues/layout (internal_server_error)
  [4;36;1mSQL (0.1ms)[0m   [0;1mSET NAMES 'utf8'[0m
  [4;35;1mSQL (0.0ms)[0m   [0mSET SQL_AUTO_IS_NULL=0[0m


Processing HomeController#index (for 98.168.198.14 at 2012-09-16 19:08:03) [GET]
Rendering home/index

ActionView::TemplateError (uninitialized constant ActionView::Base::CompiledTemplates::Item_path) on line #2 of app/views/home/index.html.erb:
1: <h1>Hello, <%= params[:name].blank? ? "World" :  params[:name] %></h1>
2: <%= link_to "Items", Item_path %>

    app/views/home/index.html.erb:2
    dispatch.fcgi:24

Rendered rescues/_trace (28.6ms)
Rendered rescues/_request_and_response (0.3ms)
Rendering rescues/layout (internal_server_error)
  [4;36;1mSQL (0.1ms)[0m   [0;1mSET NAMES 'utf8'[0m
  [4;35;1mSQL (0.0ms)[0m   [0mSET SQL_AUTO_IS_NULL=0[0m


Processing HomeController#index (for 98.168.198.14 at 2012-09-16 19:08:04) [GET]
Rendering home/index

ActionView::TemplateError (uninitialized constant ActionView::Base::CompiledTemplates::Item_path) on line #2 of app/views/home/index.html.erb:
1: <h1>Hello, <%= params[:name].blank? ? "World" :  params[:name] %></h1>
2: <%= link_to "Items", Item_path %>

    app/views/home/index.html.erb:2
    dispatch.fcgi:24

Rendered rescues/_trace (30.7ms)
Rendered rescues/_request_and_response (0.3ms)
Rendering rescues/layout (internal_server_error)
  [4;36;1mSQL (0.1ms)[0m   [0;1mSET NAMES 'utf8'[0m
  [4;35;1mSQL (0.0ms)[0m   [0mSET SQL_AUTO_IS_NULL=0[0m


Processing HomeController#index (for 98.168.198.14 at 2012-09-16 19:08:05) [GET]
Rendering home/index

ActionView::TemplateError (uninitialized constant ActionView::Base::CompiledTemplates::Item_path) on line #2 of app/views/home/index.html.erb:
1: <h1>Hello, <%= params[:name].blank? ? "World" :  params[:name] %></h1>
2: <%= link_to "Items", Item_path %>

    app/views/home/index.html.erb:2
    dispatch.fcgi:24

Rendered rescues/_trace (31.0ms)
Rendered rescues/_request_and_response (0.3ms)
Rendering rescues/layout (internal_server_error)
  [4;36;1mSQL (0.1ms)[0m   [0;1mSET NAMES 'utf8'[0m
  [4;35;1mSQL (0.0ms)[0m   [0mSET SQL_AUTO_IS_NULL=0[0m


Processing HomeController#index (for 98.168.198.14 at 2012-09-16 19:08:06) [GET]
Rendering home/index

ActionView::TemplateError (uninitialized constant ActionView::Base::CompiledTemplates::Item_path) on line #2 of app/views/home/index.html.erb:
1: <h1>Hello, <%= params[:name].blank? ? "World" :  params[:name] %></h1>
2: <%= link_to "Items", Item_path %>

    app/views/home/index.html.erb:2
    dispatch.fcgi:24

Rendered rescues/_trace (32.5ms)
Rendered rescues/_request_and_response (0.3ms)
Rendering rescues/layout (internal_server_error)
  [4;36;1mSQL (0.1ms)[0m   [0;1mSET NAMES 'utf8'[0m
  [4;35;1mSQL (0.0ms)[0m   [0mSET SQL_AUTO_IS_NULL=0[0m


Processing HomeController#index (for 98.168.198.14 at 2012-09-16 19:08:53) [GET]
Rendering home/index

ActionView::TemplateError (item_url failed to generate from {:action=>"show", :controller=>"items"} - you may have ambiguous routes, or you may need to supply additional parameters for this route.  content_url has the following required parameters: ["items", :id] - are they all satisfied?) on line #2 of app/views/home/index.html.erb:
1: <h1>Hello, <%= params[:name].blank? ? "World" :  params[:name] %></h1>
2: <%= link_to "Items", item_path %>

    (eval):17:in `item_path'
    app/views/home/index.html.erb:2
    dispatch.fcgi:24

Rendered rescues/_trace (79.4ms)
Rendered rescues/_request_and_response (0.3ms)
Rendering rescues/layout (internal_server_error)
  [4;36;1mSQL (0.1ms)[0m   [0;1mSET NAMES 'utf8'[0m
  [4;35;1mSQL (0.0ms)[0m   [0mSET SQL_AUTO_IS_NULL=0[0m


Processing ItemsController#index (for 98.168.198.14 at 2012-09-16 19:11:10) [GET]
  [4;36;1mItem Load (0.3ms)[0m   [0;1mSELECT * FROM `items` [0m
Rendering template within layouts/items
Rendering items/index
Completed in 14ms (View: 10, DB: 0) | 200 OK [http://ruby.adamkoch.com/items]
  [4;35;1mSQL (0.1ms)[0m   [0mSET NAMES 'utf8'[0m
  [4;36;1mSQL (0.0ms)[0m   [0;1mSET SQL_AUTO_IS_NULL=0[0m


Processing ApplicationController#index (for 98.168.198.14 at 2012-09-16 19:11:11) [GET]
  Parameters: {"1347840394"=>nil}

ActionController::RoutingError (No route matches "/stylesheets/scaffold.css" with {:method=>:get}):
  dispatch.fcgi:24

Rendering rescues/layout (not_found)
  [4;35;1mSQL (0.1ms)[0m   [0mSET NAMES 'utf8'[0m
  [4;36;1mSQL (0.1ms)[0m   [0;1mSET SQL_AUTO_IS_NULL=0[0m


Processing HomeController#index (for 98.168.198.14 at 2012-09-16 19:11:29) [GET]
Rendering home/index
Completed in 5ms (View: 4, DB: 0) | 200 OK [http://ruby.adamkoch.com/]
  [4;35;1mSQL (0.1ms)[0m   [0mSET NAMES 'utf8'[0m
  [4;36;1mSQL (0.1ms)[0m   [0;1mSET SQL_AUTO_IS_NULL=0[0m


Processing ItemsController#index (for 98.168.198.14 at 2012-09-16 19:12:52) [GET]
  [4;35;1mItem Load (0.1ms)[0m   [0mSELECT * FROM `items` [0m
Rendering template within layouts/items
Rendering items/index
Completed in 19ms (View: 1, DB: 0) | 200 OK [http://ruby.adamkoch.com/ruby/items]
  [4;36;1mSQL (0.1ms)[0m   [0;1mSET NAMES 'utf8'[0m
  [4;35;1mSQL (0.0ms)[0m   [0mSET SQL_AUTO_IS_NULL=0[0m


Processing ApplicationController#index (for 98.168.198.14 at 2012-09-16 19:12:52) [GET]
  Parameters: {"1347840394"=>nil}

ActionController::RoutingError (No route matches "/stylesheets/scaffold.css" with {:method=>:get}):
  dispatch.fcgi:24

Rendering rescues/layout (not_found)
  [4;36;1mSQL (0.1ms)[0m   [0;1mSET NAMES 'utf8'[0m
  [4;35;1mSQL (0.0ms)[0m   [0mSET SQL_AUTO_IS_NULL=0[0m


Processing ItemsController#index (for 98.168.198.14 at 2012-09-16 19:12:55) [GET]
  [4;36;1mItem Load (0.1ms)[0m   [0;1mSELECT * FROM `items` [0m
Rendering template within layouts/items
Rendering items/index
Completed in 4ms (View: 1, DB: 0) | 200 OK [http://ruby.adamkoch.com/ruby/items]
  [4;35;1mSQL (0.1ms)[0m   [0mSET NAMES 'utf8'[0m
  [4;36;1mSQL (0.1ms)[0m   [0;1mSET SQL_AUTO_IS_NULL=0[0m


Processing ApplicationController#index (for 98.168.198.14 at 2012-09-16 19:12:55) [GET]
  Parameters: {"1347840394"=>nil}

ActionController::RoutingError (No route matches "/stylesheets/scaffold.css" with {:method=>:get}):
  dispatch.fcgi:24

Rendering rescues/layout (not_found)
  [4;35;1mSQL (0.1ms)[0m   [0mSET NAMES 'utf8'[0m
  [4;36;1mSQL (0.0ms)[0m   [0;1mSET SQL_AUTO_IS_NULL=0[0m


Processing HomeController#index (for 98.168.198.14 at 2012-09-16 19:13:44) [GET]
Rendering home/index
Completed in 2ms (View: 1, DB: 0) | 200 OK [http://ruby.adamkoch.com/]
  [4;35;1mSQL (0.1ms)[0m   [0mSET NAMES 'utf8'[0m
  [4;36;1mSQL (0.0ms)[0m   [0;1mSET SQL_AUTO_IS_NULL=0[0m


Processing ItemsController#index (for 98.168.198.14 at 2012-09-16 19:13:45) [GET]
  [4;35;1mItem Load (0.1ms)[0m   [0mSELECT * FROM `items` [0m
Rendering template within layouts/items
Rendering items/index
Completed in 4ms (View: 1, DB: 0) | 200 OK [http://ruby.adamkoch.com/ruby/items]
  [4;36;1mSQL (0.1ms)[0m   [0;1mSET NAMES 'utf8'[0m
  [4;35;1mSQL (0.0ms)[0m   [0mSET SQL_AUTO_IS_NULL=0[0m


Processing ApplicationController#index (for 98.168.198.14 at 2012-09-16 19:13:45) [GET]
  Parameters: {"1347840394"=>nil}

ActionController::RoutingError (No route matches "/stylesheets/scaffold.css" with {:method=>:get}):
  dispatch.fcgi:24

Rendering rescues/layout (not_found)
  [4;36;1mSQL (0.1ms)[0m   [0;1mSET NAMES 'utf8'[0m
  [4;35;1mSQL (0.0ms)[0m   [0mSET SQL_AUTO_IS_NULL=0[0m
  [4;36;1mItem Columns (1.5ms)[0m   [0;1mSHOW FIELDS FROM `items`[0m
  [4;35;1mSQL (6.7ms)[0m   [0mBEGIN[0m
  [4;36;1mItem Create (8.9ms)[0m   [0;1mINSERT INTO `items` (`created_at`, `title`, `updated_at`) VALUES('2012-09-17 00:15:25', 'learn more ruby', '2012-09-17 00:15:25')[0m
  [4;35;1mSQL (16.1ms)[0m   [0mCOMMIT[0m
  [4;36;1mSQL (0.1ms)[0m   [0;1mSET NAMES 'utf8'[0m
  [4;35;1mSQL (0.0ms)[0m   [0mSET SQL_AUTO_IS_NULL=0[0m


Processing ItemsController#index (for 98.168.198.14 at 2012-09-16 19:15:29) [GET]
  [4;36;1mItem Load (0.4ms)[0m   [0;1mSELECT * FROM `items` [0m
Rendering template within layouts/items
Rendering items/index
  [4;35;1mItem Columns (0.8ms)[0m   [0mSHOW FIELDS FROM `items`[0m
Completed in 28ms (View: 23, DB: 1) | 200 OK [http://ruby.adamkoch.com/ruby/items]
  [4;36;1mSQL (0.1ms)[0m   [0;1mSET NAMES 'utf8'[0m
  [4;35;1mSQL (0.0ms)[0m   [0mSET SQL_AUTO_IS_NULL=0[0m


Processing ApplicationController#index (for 98.168.198.14 at 2012-09-16 19:15:30) [GET]
  Parameters: {"1347840394"=>nil}

ActionController::RoutingError (No route matches "/stylesheets/scaffold.css" with {:method=>:get}):
  dispatch.fcgi:24

Rendering rescues/layout (not_found)
  [4;36;1mSQL (0.1ms)[0m   [0;1mSET NAMES 'utf8'[0m
  [4;35;1mSQL (0.0ms)[0m   [0mSET SQL_AUTO_IS_NULL=0[0m


Processing ItemsController#index to xml (for 98.168.198.14 at 2012-09-16 19:20:26) [GET]
  [4;36;1mItem Load (0.1ms)[0m   [0;1mSELECT * FROM `items` [0m
  [4;35;1mItem Columns (0.9ms)[0m   [0mSHOW FIELDS FROM `items`[0m
Completed in 26ms (View: 22, DB: 1) | 200 OK [http://ruby.adamkoch.com/ruby/items.xml]
  [4;36;1mSQL (0.1ms)[0m   [0;1mSET NAMES 'utf8'[0m
  [4;35;1mSQL (0.0ms)[0m   [0mSET SQL_AUTO_IS_NULL=0[0m


Processing ItemsController#edit (for 98.168.198.14 at 2012-09-16 19:20:42) [GET]
  Parameters: {"id"=>"1"}
  [4;36;1mItem Columns (0.8ms)[0m   [0;1mSHOW FIELDS FROM `items`[0m
  [4;35;1mItem Load (0.2ms)[0m   [0mSELECT * FROM `items` WHERE (`items`.`id` = 1) [0m
Rendering template within layouts/items
Rendering items/edit
Completed in 13ms (View: 9, DB: 1) | 200 OK [http://ruby.adamkoch.com/ruby/items/1/edit]
  [4;36;1mSQL (0.1ms)[0m   [0;1mSET NAMES 'utf8'[0m
  [4;35;1mSQL (0.0ms)[0m   [0mSET SQL_AUTO_IS_NULL=0[0m


Processing ApplicationController#index (for 98.168.198.14 at 2012-09-16 19:20:42) [GET]
  Parameters: {"1347840394"=>nil}

ActionController::RoutingError (No route matches "/stylesheets/scaffold.css" with {:method=>:get}):
  dispatch.fcgi:24

Rendering rescues/layout (not_found)
  [4;36;1mSQL (0.1ms)[0m   [0;1mSET NAMES 'utf8'[0m
  [4;35;1mSQL (0.0ms)[0m   [0mSET SQL_AUTO_IS_NULL=0[0m


Processing ItemsController#update (for 98.168.198.14 at 2012-09-16 19:20:43) [PUT]
  Parameters: {"commit"=>"Update", "authenticity_token"=>"12shuwKZ473N9urmoBxRy6KVKMbUczeGznGbsEiX6GY=", "id"=>"1", "item"=>{"title"=>"learn more ruby"}}
  [4;36;1mItem Columns (0.9ms)[0m   [0;1mSHOW FIELDS FROM `items`[0m
  [4;35;1mItem Load (0.1ms)[0m   [0mSELECT * FROM `items` WHERE (`items`.`id` = 1) [0m
  [4;36;1mSQL (0.0ms)[0m   [0;1mBEGIN[0m
  [4;35;1mSQL (0.1ms)[0m   [0mCOMMIT[0m
Redirected to http://ruby.adamkoch.com/ruby/items/1
Completed in 8ms (DB: 1) | 302 Found [http://ruby.adamkoch.com/ruby/items/1]
  [4;36;1mSQL (0.1ms)[0m   [0;1mSET NAMES 'utf8'[0m
  [4;35;1mSQL (0.1ms)[0m   [0mSET SQL_AUTO_IS_NULL=0[0m


Processing ItemsController#show (for 98.168.198.14 at 2012-09-16 19:20:44) [GET]
  Parameters: {"id"=>"1"}
  [4;36;1mItem Columns (1.0ms)[0m   [0;1mSHOW FIELDS FROM `items`[0m
  [4;35;1mItem Load (0.1ms)[0m   [0mSELECT * FROM `items` WHERE (`items`.`id` = 1) [0m
Rendering template within layouts/items
Rendering items/show
Completed in 12ms (View: 7, DB: 1) | 200 OK [http://ruby.adamkoch.com/ruby/items/1]
  [4;36;1mSQL (0.1ms)[0m   [0;1mSET NAMES 'utf8'[0m
  [4;35;1mSQL (0.0ms)[0m   [0mSET SQL_AUTO_IS_NULL=0[0m


Processing ApplicationController#index (for 98.168.198.14 at 2012-09-16 19:20:44) [GET]
  Parameters: {"1347840394"=>nil}

ActionController::RoutingError (No route matches "/stylesheets/scaffold.css" with {:method=>:get}):
  dispatch.fcgi:24

Rendering rescues/layout (not_found)
  [4;36;1mSQL (0.1ms)[0m   [0;1mSET NAMES 'utf8'[0m
  [4;35;1mSQL (0.0ms)[0m   [0mSET SQL_AUTO_IS_NULL=0[0m


Processing ItemsController#index (for 98.168.198.14 at 2012-09-16 19:20:46) [GET]
  [4;36;1mItem Load (0.9ms)[0m   [0;1mSELECT * FROM `items` [0m
Rendering template within layouts/items
Rendering items/index
  [4;35;1mItem Columns (0.9ms)[0m   [0mSHOW FIELDS FROM `items`[0m
Completed in 11ms (View: 5, DB: 2) | 200 OK [http://ruby.adamkoch.com/ruby/items]
  [4;36;1mSQL (0.1ms)[0m   [0;1mSET NAMES 'utf8'[0m
  [4;35;1mSQL (0.1ms)[0m   [0mSET SQL_AUTO_IS_NULL=0[0m


Processing ApplicationController#index (for 98.168.198.14 at 2012-09-16 19:20:46) [GET]
  Parameters: {"1347840394"=>nil}

ActionController::RoutingError (No route matches "/stylesheets/scaffold.css" with {:method=>:get}):
  dispatch.fcgi:24

Rendering rescues/layout (not_found)
  [4;36;1mSQL (0.1ms)[0m   [0;1mSET NAMES 'utf8'[0m
  [4;35;1mSQL (0.0ms)[0m   [0mSET SQL_AUTO_IS_NULL=0[0m


Processing ItemsController#index to xml (for 98.168.198.14 at 2012-09-16 19:20:51) [GET]
  [4;36;1mItem Load (0.1ms)[0m   [0;1mSELECT * FROM `items` [0m
  [4;35;1mItem Columns (0.8ms)[0m   [0mSHOW FIELDS FROM `items`[0m
Completed in 6ms (View: 2, DB: 1) | 200 OK [http://ruby.adamkoch.com/ruby/items.xml]
  [4;36;1mSQL (0.1ms)[0m   [0;1mSET NAMES 'utf8'[0m
  [4;35;1mSQL (0.0ms)[0m   [0mSET SQL_AUTO_IS_NULL=0[0m


Processing ItemsController#show (for 98.168.198.14 at 2012-09-16 19:25:12) [GET]
  Parameters: {"id"=>"1"}
  [4;36;1mItem Columns (0.8ms)[0m   [0;1mSHOW FIELDS FROM `items`[0m
  [4;35;1mItem Load (0.1ms)[0m   [0mSELECT * FROM `items` WHERE (`items`.`id` = 1) [0m
Rendering template within layouts/items
Rendering items/show
Completed in 6ms (View: 2, DB: 1) | 200 OK [http://ruby.adamkoch.com/ruby/items/1]
  [4;36;1mSQL (0.1ms)[0m   [0;1mSET NAMES 'utf8'[0m
  [4;35;1mSQL (0.0ms)[0m   [0mSET SQL_AUTO_IS_NULL=0[0m


Processing ApplicationController#index (for 98.168.198.14 at 2012-09-16 19:25:12) [GET]
  Parameters: {"1347840394"=>nil}

ActionController::RoutingError (No route matches "/stylesheets/scaffold.css" with {:method=>:get}):
  dispatch.fcgi:24

Rendering rescues/layout (not_found)
  [4;36;1mSQL (0.1ms)[0m   [0;1mSET NAMES 'utf8'[0m
  [4;35;1mSQL (0.0ms)[0m   [0mSET SQL_AUTO_IS_NULL=0[0m


Processing ApplicationController#index (for 98.168.198.14 at 2012-09-16 19:25:48) [GET]

ActionController::RoutingError (No route matches "/itemsfdsafsd" with {:method=>:get}):
  dispatch.fcgi:24

Rendering rescues/layout (not_found)
  [4;36;1mSQL (0.1ms)[0m   [0;1mSET NAMES 'utf8'[0m
  [4;35;1mSQL (0.0ms)[0m   [0mSET SQL_AUTO_IS_NULL=0[0m


Processing ApplicationController#index (for 98.168.198.14 at 2012-09-16 19:25:58) [GET]

ActionController::RoutingError (No route matches "/itemsfdsafsd" with {:method=>:get}):
  dispatch.fcgi:24

Rendering rescues/layout (not_found)
