# Logfile created on Sat Sep 15 20:24:50 -0500 2012 by logger.rb/22285
[15/Sep/2012:20:24:50 :: 21371] starting
[15/Sep/2012:20:32:21 :: 21371] Dispatcher failed to catch: Illegal route: the :controller must be specified! (ArgumentError)
  /usr/lib/ruby/gems/1.8/gems/actionpack-2.3.14/lib/action_controller/routing/builder.rb:175:in `build'
  /usr/lib/ruby/gems/1.8/gems/actionpack-2.3.14/lib/action_controller/routing/route_set.rb:310:in `add_route'
  /usr/lib/ruby/gems/1.8/gems/actionpack-2.3.14/lib/action_controller/routing/route_set.rb:19:in `connect'
  /home/aakoch/railsapp/config/routes.rb:41
  /usr/lib/ruby/gems/1.8/gems/actionpack-2.3.14/lib/action_controller/routing/route_set.rb:227:in `draw'
  /home/aakoch/railsapp/config/routes.rb:1
  /usr/lib/ruby/gems/1.8/gems/activesupport-2.3.14/lib/active_support/dependencies.rb:171:in `load_without_new_constant_marking'
  /usr/lib/ruby/gems/1.8/gems/activesupport-2.3.14/lib/active_support/dependencies.rb:171:in `load'
  /usr/lib/ruby/gems/1.8/gems/activesupport-2.3.14/lib/active_support/dependencies.rb:547:in `new_constants_in'
  /usr/lib/ruby/gems/1.8/gems/activesupport-2.3.14/lib/active_support/dependencies.rb:171:in `load'
  /usr/lib/ruby/gems/1.8/gems/actionpack-2.3.14/lib/action_controller/routing/route_set.rb:287:in `load_routes!'
  /usr/lib/ruby/gems/1.8/gems/actionpack-2.3.14/lib/action_controller/routing/route_set.rb:287:in `each'
  /usr/lib/ruby/gems/1.8/gems/actionpack-2.3.14/lib/action_controller/routing/route_set.rb:287:in `load_routes!'
  /usr/lib/ruby/gems/1.8/gems/actionpack-2.3.14/lib/action_controller/routing/route_set.rb:267:in `load!'
  /usr/lib/ruby/gems/1.8/gems/actionpack-2.3.14/lib/action_controller/routing/route_set.rb:282:in `reload'
  /usr/lib/ruby/gems/1.8/gems/actionpack-2.3.14/lib/action_controller/dispatcher.rb:58:in `reload_application'
  /usr/lib/ruby/gems/1.8/gems/actionpack-2.3.14/lib/action_controller/reloader.rb:33:in `run'
  /usr/lib/ruby/gems/1.8/gems/actionpack-2.3.14/lib/action_controller/dispatcher.rb:108:in `call'
  /usr/lib/ruby/gems/1.8/gems/rack-1.1.3/lib/rack/content_length.rb:13:in `call'
  /usr/lib/ruby/gems/1.8/gems/rack-1.1.3/lib/rack/handler/fastcgi.rb:57:in `serve'
  /usr/lib/ruby/gems/1.8/gems/rails-2.3.14/lib/fcgi_handler.rb:103:in `process_request'
  /usr/lib/ruby/gems/1.8/gems/rails-2.3.14/lib/fcgi_handler.rb:153:in `with_signal_handler'
  /usr/lib/ruby/gems/1.8/gems/rails-2.3.14/lib/fcgi_handler.rb:101:in `process_request'
  /usr/lib/ruby/gems/1.8/gems/rails-2.3.14/lib/fcgi_handler.rb:78:in `process_each_request'
  /usr/lib/ruby/gems/1.8/gems/rails-2.3.14/lib/fcgi_handler.rb:77:in `each'
  /usr/lib/ruby/gems/1.8/gems/rails-2.3.14/lib/fcgi_handler.rb:77:in `process_each_request'
  /usr/lib/ruby/gems/1.8/gems/rails-2.3.14/lib/fcgi_handler.rb:76:in `catch'
  /usr/lib/ruby/gems/1.8/gems/rails-2.3.14/lib/fcgi_handler.rb:76:in `process_each_request'
  /usr/lib/ruby/gems/1.8/gems/rails-2.3.14/lib/fcgi_handler.rb:51:in `process!'
  /usr/lib/ruby/gems/1.8/gems/rails-2.3.14/lib/fcgi_handler.rb:23:in `process!'
  dispatch.fcgi:24
unhandled dispatch error
[15/Sep/2012:20:33:46 :: 21371] Dispatcher failed to catch: Illegal route: the :controller must be specified! (ArgumentError)
  /usr/lib/ruby/gems/1.8/gems/actionpack-2.3.14/lib/action_controller/routing/builder.rb:175:in `build'
  /usr/lib/ruby/gems/1.8/gems/actionpack-2.3.14/lib/action_controller/routing/route_set.rb:310:in `add_route'
  /usr/lib/ruby/gems/1.8/gems/actionpack-2.3.14/lib/action_controller/routing/route_set.rb:19:in `connect'
  /home/aakoch/railsapp/config/routes.rb:41
  /usr/lib/ruby/gems/1.8/gems/actionpack-2.3.14/lib/action_controller/routing/route_set.rb:227:in `draw'
  /home/aakoch/railsapp/config/routes.rb:1
  /usr/lib/ruby/gems/1.8/gems/activesupport-2.3.14/lib/active_support/dependencies.rb:171:in `load_without_new_constant_marking'
  /usr/lib/ruby/gems/1.8/gems/activesupport-2.3.14/lib/active_support/dependencies.rb:171:in `load'
  /usr/lib/ruby/gems/1.8/gems/activesupport-2.3.14/lib/active_support/dependencies.rb:547:in `new_constants_in'
  /usr/lib/ruby/gems/1.8/gems/activesupport-2.3.14/lib/active_support/dependencies.rb:171:in `load'
  /usr/lib/ruby/gems/1.8/gems/actionpack-2.3.14/lib/action_controller/routing/route_set.rb:287:in `load_routes!'
  /usr/lib/ruby/gems/1.8/gems/actionpack-2.3.14/lib/action_controller/routing/route_set.rb:287:in `each'
  /usr/lib/ruby/gems/1.8/gems/actionpack-2.3.14/lib/action_controller/routing/route_set.rb:287:in `load_routes!'
  /usr/lib/ruby/gems/1.8/gems/actionpack-2.3.14/lib/action_controller/routing/route_set.rb:267:in `load!'
  /usr/lib/ruby/gems/1.8/gems/actionpack-2.3.14/lib/action_controller/routing/route_set.rb:282:in `reload'
  /usr/lib/ruby/gems/1.8/gems/actionpack-2.3.14/lib/action_controller/dispatcher.rb:58:in `reload_application'
  /usr/lib/ruby/gems/1.8/gems/actionpack-2.3.14/lib/action_controller/reloader.rb:33:in `run'
  /usr/lib/ruby/gems/1.8/gems/actionpack-2.3.14/lib/action_controller/dispatcher.rb:108:in `call'
  /usr/lib/ruby/gems/1.8/gems/rack-1.1.3/lib/rack/content_length.rb:13:in `call'
  /usr/lib/ruby/gems/1.8/gems/rack-1.1.3/lib/rack/handler/fastcgi.rb:57:in `serve'
  /usr/lib/ruby/gems/1.8/gems/rails-2.3.14/lib/fcgi_handler.rb:103:in `process_request'
  /usr/lib/ruby/gems/1.8/gems/rails-2.3.14/lib/fcgi_handler.rb:153:in `with_signal_handler'
  /usr/lib/ruby/gems/1.8/gems/rails-2.3.14/lib/fcgi_handler.rb:101:in `process_request'
  /usr/lib/ruby/gems/1.8/gems/rails-2.3.14/lib/fcgi_handler.rb:78:in `process_each_request'
  /usr/lib/ruby/gems/1.8/gems/rails-2.3.14/lib/fcgi_handler.rb:77:in `each'
  /usr/lib/ruby/gems/1.8/gems/rails-2.3.14/lib/fcgi_handler.rb:77:in `process_each_request'
  /usr/lib/ruby/gems/1.8/gems/rails-2.3.14/lib/fcgi_handler.rb:76:in `catch'
  /usr/lib/ruby/gems/1.8/gems/rails-2.3.14/lib/fcgi_handler.rb:76:in `process_each_request'
  /usr/lib/ruby/gems/1.8/gems/rails-2.3.14/lib/fcgi_handler.rb:51:in `process!'
  /usr/lib/ruby/gems/1.8/gems/rails-2.3.14/lib/fcgi_handler.rb:23:in `process!'
  dispatch.fcgi:24
unhandled dispatch error
[15/Sep/2012:20:35:17 :: 21371] Dispatcher failed to catch: Illegal route: the :controller must be specified! (ArgumentError)
  /usr/lib/ruby/gems/1.8/gems/actionpack-2.3.14/lib/action_controller/routing/builder.rb:175:in `build'
  /usr/lib/ruby/gems/1.8/gems/actionpack-2.3.14/lib/action_controller/routing/route_set.rb:310:in `add_route'
  /usr/lib/ruby/gems/1.8/gems/actionpack-2.3.14/lib/action_controller/routing/route_set.rb:19:in `connect'
  /home/aakoch/railsapp/config/routes.rb:41
  /usr/lib/ruby/gems/1.8/gems/actionpack-2.3.14/lib/action_controller/routing/route_set.rb:227:in `draw'
  /home/aakoch/railsapp/config/routes.rb:1
  /usr/lib/ruby/gems/1.8/gems/activesupport-2.3.14/lib/active_support/dependencies.rb:171:in `load_without_new_constant_marking'
  /usr/lib/ruby/gems/1.8/gems/activesupport-2.3.14/lib/active_support/dependencies.rb:171:in `load'
  /usr/lib/ruby/gems/1.8/gems/activesupport-2.3.14/lib/active_support/dependencies.rb:547:in `new_constants_in'
  /usr/lib/ruby/gems/1.8/gems/activesupport-2.3.14/lib/active_support/dependencies.rb:171:in `load'
  /usr/lib/ruby/gems/1.8/gems/actionpack-2.3.14/lib/action_controller/routing/route_set.rb:287:in `load_routes!'
  /usr/lib/ruby/gems/1.8/gems/actionpack-2.3.14/lib/action_controller/routing/route_set.rb:287:in `each'
  /usr/lib/ruby/gems/1.8/gems/actionpack-2.3.14/lib/action_controller/routing/route_set.rb:287:in `load_routes!'
  /usr/lib/ruby/gems/1.8/gems/actionpack-2.3.14/lib/action_controller/routing/route_set.rb:267:in `load!'
  /usr/lib/ruby/gems/1.8/gems/actionpack-2.3.14/lib/action_controller/routing/route_set.rb:282:in `reload'
  /usr/lib/ruby/gems/1.8/gems/actionpack-2.3.14/lib/action_controller/dispatcher.rb:58:in `reload_application'
  /usr/lib/ruby/gems/1.8/gems/actionpack-2.3.14/lib/action_controller/reloader.rb:33:in `run'
  /usr/lib/ruby/gems/1.8/gems/actionpack-2.3.14/lib/action_controller/dispatcher.rb:108:in `call'
  /usr/lib/ruby/gems/1.8/gems/rack-1.1.3/lib/rack/content_length.rb:13:in `call'
  /usr/lib/ruby/gems/1.8/gems/rack-1.1.3/lib/rack/handler/fastcgi.rb:57:in `serve'
  /usr/lib/ruby/gems/1.8/gems/rails-2.3.14/lib/fcgi_handler.rb:103:in `process_request'
  /usr/lib/ruby/gems/1.8/gems/rails-2.3.14/lib/fcgi_handler.rb:153:in `with_signal_handler'
  /usr/lib/ruby/gems/1.8/gems/rails-2.3.14/lib/fcgi_handler.rb:101:in `process_request'
  /usr/lib/ruby/gems/1.8/gems/rails-2.3.14/lib/fcgi_handler.rb:78:in `process_each_request'
  /usr/lib/ruby/gems/1.8/gems/rails-2.3.14/lib/fcgi_handler.rb:77:in `each'
  /usr/lib/ruby/gems/1.8/gems/rails-2.3.14/lib/fcgi_handler.rb:77:in `process_each_request'
  /usr/lib/ruby/gems/1.8/gems/rails-2.3.14/lib/fcgi_handler.rb:76:in `catch'
  /usr/lib/ruby/gems/1.8/gems/rails-2.3.14/lib/fcgi_handler.rb:76:in `process_each_request'
  /usr/lib/ruby/gems/1.8/gems/rails-2.3.14/lib/fcgi_handler.rb:51:in `process!'
  /usr/lib/ruby/gems/1.8/gems/rails-2.3.14/lib/fcgi_handler.rb:23:in `process!'
  dispatch.fcgi:24
unhandled dispatch error
[15/Sep/2012:20:35:43 :: 21371] Dispatcher failed to catch: Illegal route: the :controller must be specified! (ArgumentError)
  /usr/lib/ruby/gems/1.8/gems/actionpack-2.3.14/lib/action_controller/routing/builder.rb:175:in `build'
  /usr/lib/ruby/gems/1.8/gems/actionpack-2.3.14/lib/action_controller/routing/route_set.rb:310:in `add_route'
  /usr/lib/ruby/gems/1.8/gems/actionpack-2.3.14/lib/action_controller/routing/route_set.rb:19:in `connect'
  /home/aakoch/railsapp/config/routes.rb:41
  /usr/lib/ruby/gems/1.8/gems/actionpack-2.3.14/lib/action_controller/routing/route_set.rb:227:in `draw'
  /home/aakoch/railsapp/config/routes.rb:1
  /usr/lib/ruby/gems/1.8/gems/activesupport-2.3.14/lib/active_support/dependencies.rb:171:in `load_without_new_constant_marking'
  /usr/lib/ruby/gems/1.8/gems/activesupport-2.3.14/lib/active_support/dependencies.rb:171:in `load'
  /usr/lib/ruby/gems/1.8/gems/activesupport-2.3.14/lib/active_support/dependencies.rb:547:in `new_constants_in'
  /usr/lib/ruby/gems/1.8/gems/activesupport-2.3.14/lib/active_support/dependencies.rb:171:in `load'
  /usr/lib/ruby/gems/1.8/gems/actionpack-2.3.14/lib/action_controller/routing/route_set.rb:287:in `load_routes!'
  /usr/lib/ruby/gems/1.8/gems/actionpack-2.3.14/lib/action_controller/routing/route_set.rb:287:in `each'
  /usr/lib/ruby/gems/1.8/gems/actionpack-2.3.14/lib/action_controller/routing/route_set.rb:287:in `load_routes!'
  /usr/lib/ruby/gems/1.8/gems/actionpack-2.3.14/lib/action_controller/routing/route_set.rb:267:in `load!'
  /usr/lib/ruby/gems/1.8/gems/actionpack-2.3.14/lib/action_controller/routing/route_set.rb:282:in `reload'
  /usr/lib/ruby/gems/1.8/gems/actionpack-2.3.14/lib/action_controller/dispatcher.rb:58:in `reload_application'
  /usr/lib/ruby/gems/1.8/gems/actionpack-2.3.14/lib/action_controller/reloader.rb:33:in `run'
  /usr/lib/ruby/gems/1.8/gems/actionpack-2.3.14/lib/action_controller/dispatcher.rb:108:in `call'
  /usr/lib/ruby/gems/1.8/gems/rack-1.1.3/lib/rack/content_length.rb:13:in `call'
  /usr/lib/ruby/gems/1.8/gems/rack-1.1.3/lib/rack/handler/fastcgi.rb:57:in `serve'
  /usr/lib/ruby/gems/1.8/gems/rails-2.3.14/lib/fcgi_handler.rb:103:in `process_request'
  /usr/lib/ruby/gems/1.8/gems/rails-2.3.14/lib/fcgi_handler.rb:153:in `with_signal_handler'
  /usr/lib/ruby/gems/1.8/gems/rails-2.3.14/lib/fcgi_handler.rb:101:in `process_request'
  /usr/lib/ruby/gems/1.8/gems/rails-2.3.14/lib/fcgi_handler.rb:78:in `process_each_request'
  /usr/lib/ruby/gems/1.8/gems/rails-2.3.14/lib/fcgi_handler.rb:77:in `each'
  /usr/lib/ruby/gems/1.8/gems/rails-2.3.14/lib/fcgi_handler.rb:77:in `process_each_request'
  /usr/lib/ruby/gems/1.8/gems/rails-2.3.14/lib/fcgi_handler.rb:76:in `catch'
  /usr/lib/ruby/gems/1.8/gems/rails-2.3.14/lib/fcgi_handler.rb:76:in `process_each_request'
  /usr/lib/ruby/gems/1.8/gems/rails-2.3.14/lib/fcgi_handler.rb:51:in `process!'
  /usr/lib/ruby/gems/1.8/gems/rails-2.3.14/lib/fcgi_handler.rb:23:in `process!'
  dispatch.fcgi:24
unhandled dispatch error
[15/Sep/2012:20:48:28 :: 21371] Dispatcher failed to catch: Illegal route: the :controller must be specified! (ArgumentError)
  /usr/lib/ruby/gems/1.8/gems/actionpack-2.3.14/lib/action_controller/routing/builder.rb:175:in `build'
  /usr/lib/ruby/gems/1.8/gems/actionpack-2.3.14/lib/action_controller/routing/route_set.rb:310:in `add_route'
  /usr/lib/ruby/gems/1.8/gems/actionpack-2.3.14/lib/action_controller/routing/route_set.rb:19:in `connect'
  /home/aakoch/railsapp/config/routes.rb:41
  /usr/lib/ruby/gems/1.8/gems/actionpack-2.3.14/lib/action_controller/routing/route_set.rb:227:in `draw'
  /home/aakoch/railsapp/config/routes.rb:1
  /usr/lib/ruby/gems/1.8/gems/activesupport-2.3.14/lib/active_support/dependencies.rb:171:in `load_without_new_constant_marking'
  /usr/lib/ruby/gems/1.8/gems/activesupport-2.3.14/lib/active_support/dependencies.rb:171:in `load'
  /usr/lib/ruby/gems/1.8/gems/activesupport-2.3.14/lib/active_support/dependencies.rb:547:in `new_constants_in'
  /usr/lib/ruby/gems/1.8/gems/activesupport-2.3.14/lib/active_support/dependencies.rb:171:in `load'
  /usr/lib/ruby/gems/1.8/gems/actionpack-2.3.14/lib/action_controller/routing/route_set.rb:287:in `load_routes!'
  /usr/lib/ruby/gems/1.8/gems/actionpack-2.3.14/lib/action_controller/routing/route_set.rb:287:in `each'
  /usr/lib/ruby/gems/1.8/gems/actionpack-2.3.14/lib/action_controller/routing/route_set.rb:287:in `load_routes!'
  /usr/lib/ruby/gems/1.8/gems/actionpack-2.3.14/lib/action_controller/routing/route_set.rb:267:in `load!'
  /usr/lib/ruby/gems/1.8/gems/actionpack-2.3.14/lib/action_controller/routing/route_set.rb:282:in `reload'
  /usr/lib/ruby/gems/1.8/gems/actionpack-2.3.14/lib/action_controller/dispatcher.rb:58:in `reload_application'
  /usr/lib/ruby/gems/1.8/gems/actionpack-2.3.14/lib/action_controller/reloader.rb:33:in `run'
  /usr/lib/ruby/gems/1.8/gems/actionpack-2.3.14/lib/action_controller/dispatcher.rb:108:in `call'
  /usr/lib/ruby/gems/1.8/gems/rack-1.1.3/lib/rack/content_length.rb:13:in `call'
  /usr/lib/ruby/gems/1.8/gems/rack-1.1.3/lib/rack/handler/fastcgi.rb:57:in `serve'
  /usr/lib/ruby/gems/1.8/gems/rails-2.3.14/lib/fcgi_handler.rb:103:in `process_request'
  /usr/lib/ruby/gems/1.8/gems/rails-2.3.14/lib/fcgi_handler.rb:153:in `with_signal_handler'
  /usr/lib/ruby/gems/1.8/gems/rails-2.3.14/lib/fcgi_handler.rb:101:in `process_request'
  /usr/lib/ruby/gems/1.8/gems/rails-2.3.14/lib/fcgi_handler.rb:78:in `process_each_request'
  /usr/lib/ruby/gems/1.8/gems/rails-2.3.14/lib/fcgi_handler.rb:77:in `each'
  /usr/lib/ruby/gems/1.8/gems/rails-2.3.14/lib/fcgi_handler.rb:77:in `process_each_request'
  /usr/lib/ruby/gems/1.8/gems/rails-2.3.14/lib/fcgi_handler.rb:76:in `catch'
  /usr/lib/ruby/gems/1.8/gems/rails-2.3.14/lib/fcgi_handler.rb:76:in `process_each_request'
  /usr/lib/ruby/gems/1.8/gems/rails-2.3.14/lib/fcgi_handler.rb:51:in `process!'
  /usr/lib/ruby/gems/1.8/gems/rails-2.3.14/lib/fcgi_handler.rb:23:in `process!'
  dispatch.fcgi:24
unhandled dispatch error
[15/Sep/2012:20:48:50 :: 21371] Dispatcher failed to catch: Illegal route: the :controller must be specified! (ArgumentError)
  /usr/lib/ruby/gems/1.8/gems/actionpack-2.3.14/lib/action_controller/routing/builder.rb:175:in `build'
  /usr/lib/ruby/gems/1.8/gems/actionpack-2.3.14/lib/action_controller/routing/route_set.rb:310:in `add_route'
  /usr/lib/ruby/gems/1.8/gems/actionpack-2.3.14/lib/action_controller/routing/route_set.rb:318:in `add_named_route'
  /usr/lib/ruby/gems/1.8/gems/actionpack-2.3.14/lib/action_controller/routing/route_set.rb:33:in `named_route'
  /usr/lib/ruby/gems/1.8/gems/actionpack-2.3.14/lib/action_controller/routing/route_set.rb:29:in `root'
  /home/aakoch/railsapp/config/routes.rb:41
  /usr/lib/ruby/gems/1.8/gems/actionpack-2.3.14/lib/action_controller/routing/route_set.rb:227:in `draw'
  /home/aakoch/railsapp/config/routes.rb:1
  /usr/lib/ruby/gems/1.8/gems/activesupport-2.3.14/lib/active_support/dependencies.rb:171:in `load_without_new_constant_marking'
  /usr/lib/ruby/gems/1.8/gems/activesupport-2.3.14/lib/active_support/dependencies.rb:171:in `load'
  /usr/lib/ruby/gems/1.8/gems/activesupport-2.3.14/lib/active_support/dependencies.rb:547:in `new_constants_in'
  /usr/lib/ruby/gems/1.8/gems/activesupport-2.3.14/lib/active_support/dependencies.rb:171:in `load'
  /usr/lib/ruby/gems/1.8/gems/actionpack-2.3.14/lib/action_controller/routing/route_set.rb:287:in `load_routes!'
  /usr/lib/ruby/gems/1.8/gems/actionpack-2.3.14/lib/action_controller/routing/route_set.rb:287:in `each'
  /usr/lib/ruby/gems/1.8/gems/actionpack-2.3.14/lib/action_controller/routing/route_set.rb:287:in `load_routes!'
  /usr/lib/ruby/gems/1.8/gems/actionpack-2.3.14/lib/action_controller/routing/route_set.rb:267:in `load!'
  /usr/lib/ruby/gems/1.8/gems/actionpack-2.3.14/lib/action_controller/routing/route_set.rb:282:in `reload'
  /usr/lib/ruby/gems/1.8/gems/actionpack-2.3.14/lib/action_controller/dispatcher.rb:58:in `reload_application'
  /usr/lib/ruby/gems/1.8/gems/actionpack-2.3.14/lib/action_controller/reloader.rb:33:in `run'
  /usr/lib/ruby/gems/1.8/gems/actionpack-2.3.14/lib/action_controller/dispatcher.rb:108:in `call'
  /usr/lib/ruby/gems/1.8/gems/rack-1.1.3/lib/rack/content_length.rb:13:in `call'
  /usr/lib/ruby/gems/1.8/gems/rack-1.1.3/lib/rack/handler/fastcgi.rb:57:in `serve'
  /usr/lib/ruby/gems/1.8/gems/rails-2.3.14/lib/fcgi_handler.rb:103:in `process_request'
  /usr/lib/ruby/gems/1.8/gems/rails-2.3.14/lib/fcgi_handler.rb:153:in `with_signal_handler'
  /usr/lib/ruby/gems/1.8/gems/rails-2.3.14/lib/fcgi_handler.rb:101:in `process_request'
  /usr/lib/ruby/gems/1.8/gems/rails-2.3.14/lib/fcgi_handler.rb:78:in `process_each_request'
  /usr/lib/ruby/gems/1.8/gems/rails-2.3.14/lib/fcgi_handler.rb:77:in `each'
  /usr/lib/ruby/gems/1.8/gems/rails-2.3.14/lib/fcgi_handler.rb:77:in `process_each_request'
  /usr/lib/ruby/gems/1.8/gems/rails-2.3.14/lib/fcgi_handler.rb:76:in `catch'
  /usr/lib/ruby/gems/1.8/gems/rails-2.3.14/lib/fcgi_handler.rb:76:in `process_each_request'
  /usr/lib/ruby/gems/1.8/gems/rails-2.3.14/lib/fcgi_handler.rb:51:in `process!'
  /usr/lib/ruby/gems/1.8/gems/rails-2.3.14/lib/fcgi_handler.rb:23:in `process!'
  dispatch.fcgi:24
unhandled dispatch error
[15/Sep/2012:20:49:22 :: 21371] Dispatcher failed to catch: Illegal route: the :controller must be specified! (ArgumentError)
  /usr/lib/ruby/gems/1.8/gems/actionpack-2.3.14/lib/action_controller/routing/builder.rb:175:in `build'
  /usr/lib/ruby/gems/1.8/gems/actionpack-2.3.14/lib/action_controller/routing/route_set.rb:310:in `add_route'
  /usr/lib/ruby/gems/1.8/gems/actionpack-2.3.14/lib/action_controller/routing/route_set.rb:318:in `add_named_route'
  /usr/lib/ruby/gems/1.8/gems/actionpack-2.3.14/lib/action_controller/routing/route_set.rb:33:in `named_route'
  /usr/lib/ruby/gems/1.8/gems/actionpack-2.3.14/lib/action_controller/routing/route_set.rb:29:in `root'
  /home/aakoch/railsapp/config/routes.rb:41
  /usr/lib/ruby/gems/1.8/gems/actionpack-2.3.14/lib/action_controller/routing/route_set.rb:227:in `draw'
  /home/aakoch/railsapp/config/routes.rb:1
  /usr/lib/ruby/gems/1.8/gems/activesupport-2.3.14/lib/active_support/dependencies.rb:171:in `load_without_new_constant_marking'
  /usr/lib/ruby/gems/1.8/gems/activesupport-2.3.14/lib/active_support/dependencies.rb:171:in `load'
  /usr/lib/ruby/gems/1.8/gems/activesupport-2.3.14/lib/active_support/dependencies.rb:547:in `new_constants_in'
  /usr/lib/ruby/gems/1.8/gems/activesupport-2.3.14/lib/active_support/dependencies.rb:171:in `load'
  /usr/lib/ruby/gems/1.8/gems/actionpack-2.3.14/lib/action_controller/routing/route_set.rb:287:in `load_routes!'
  /usr/lib/ruby/gems/1.8/gems/actionpack-2.3.14/lib/action_controller/routing/route_set.rb:287:in `each'
  /usr/lib/ruby/gems/1.8/gems/actionpack-2.3.14/lib/action_controller/routing/route_set.rb:287:in `load_routes!'
  /usr/lib/ruby/gems/1.8/gems/actionpack-2.3.14/lib/action_controller/routing/route_set.rb:267:in `load!'
  /usr/lib/ruby/gems/1.8/gems/actionpack-2.3.14/lib/action_controller/routing/route_set.rb:282:in `reload'
  /usr/lib/ruby/gems/1.8/gems/actionpack-2.3.14/lib/action_controller/dispatcher.rb:58:in `reload_application'
  /usr/lib/ruby/gems/1.8/gems/actionpack-2.3.14/lib/action_controller/reloader.rb:33:in `run'
  /usr/lib/ruby/gems/1.8/gems/actionpack-2.3.14/lib/action_controller/dispatcher.rb:108:in `call'
  /usr/lib/ruby/gems/1.8/gems/rack-1.1.3/lib/rack/content_length.rb:13:in `call'
  /usr/lib/ruby/gems/1.8/gems/rack-1.1.3/lib/rack/handler/fastcgi.rb:57:in `serve'
  /usr/lib/ruby/gems/1.8/gems/rails-2.3.14/lib/fcgi_handler.rb:103:in `process_request'
  /usr/lib/ruby/gems/1.8/gems/rails-2.3.14/lib/fcgi_handler.rb:153:in `with_signal_handler'
  /usr/lib/ruby/gems/1.8/gems/rails-2.3.14/lib/fcgi_handler.rb:101:in `process_request'
  /usr/lib/ruby/gems/1.8/gems/rails-2.3.14/lib/fcgi_handler.rb:78:in `process_each_request'
  /usr/lib/ruby/gems/1.8/gems/rails-2.3.14/lib/fcgi_handler.rb:77:in `each'
  /usr/lib/ruby/gems/1.8/gems/rails-2.3.14/lib/fcgi_handler.rb:77:in `process_each_request'
  /usr/lib/ruby/gems/1.8/gems/rails-2.3.14/lib/fcgi_handler.rb:76:in `catch'
  /usr/lib/ruby/gems/1.8/gems/rails-2.3.14/lib/fcgi_handler.rb:76:in `process_each_request'
  /usr/lib/ruby/gems/1.8/gems/rails-2.3.14/lib/fcgi_handler.rb:51:in `process!'
  /usr/lib/ruby/gems/1.8/gems/rails-2.3.14/lib/fcgi_handler.rb:23:in `process!'
  dispatch.fcgi:24
unhandled dispatch error
[15/Sep/2012:20:49:40 :: 21371] Dispatcher failed to catch: Illegal route: the :controller must be specified! (ArgumentError)
  /usr/lib/ruby/gems/1.8/gems/actionpack-2.3.14/lib/action_controller/routing/builder.rb:175:in `build'
  /usr/lib/ruby/gems/1.8/gems/actionpack-2.3.14/lib/action_controller/routing/route_set.rb:310:in `add_route'
  /usr/lib/ruby/gems/1.8/gems/actionpack-2.3.14/lib/action_controller/routing/route_set.rb:318:in `add_named_route'
  /usr/lib/ruby/gems/1.8/gems/actionpack-2.3.14/lib/action_controller/routing/route_set.rb:33:in `named_route'
  /usr/lib/ruby/gems/1.8/gems/actionpack-2.3.14/lib/action_controller/routing/route_set.rb:29:in `root'
  /home/aakoch/railsapp/config/routes.rb:41
  /usr/lib/ruby/gems/1.8/gems/actionpack-2.3.14/lib/action_controller/routing/route_set.rb:227:in `draw'
  /home/aakoch/railsapp/config/routes.rb:1
  /usr/lib/ruby/gems/1.8/gems/activesupport-2.3.14/lib/active_support/dependencies.rb:171:in `load_without_new_constant_marking'
  /usr/lib/ruby/gems/1.8/gems/activesupport-2.3.14/lib/active_support/dependencies.rb:171:in `load'
  /usr/lib/ruby/gems/1.8/gems/activesupport-2.3.14/lib/active_support/dependencies.rb:547:in `new_constants_in'
  /usr/lib/ruby/gems/1.8/gems/activesupport-2.3.14/lib/active_support/dependencies.rb:171:in `load'
  /usr/lib/ruby/gems/1.8/gems/actionpack-2.3.14/lib/action_controller/routing/route_set.rb:287:in `load_routes!'
  /usr/lib/ruby/gems/1.8/gems/actionpack-2.3.14/lib/action_controller/routing/route_set.rb:287:in `each'
  /usr/lib/ruby/gems/1.8/gems/actionpack-2.3.14/lib/action_controller/routing/route_set.rb:287:in `load_routes!'
  /usr/lib/ruby/gems/1.8/gems/actionpack-2.3.14/lib/action_controller/routing/route_set.rb:267:in `load!'
  /usr/lib/ruby/gems/1.8/gems/actionpack-2.3.14/lib/action_controller/routing/route_set.rb:282:in `reload'
  /usr/lib/ruby/gems/1.8/gems/actionpack-2.3.14/lib/action_controller/dispatcher.rb:58:in `reload_application'
  /usr/lib/ruby/gems/1.8/gems/actionpack-2.3.14/lib/action_controller/reloader.rb:33:in `run'
  /usr/lib/ruby/gems/1.8/gems/actionpack-2.3.14/lib/action_controller/dispatcher.rb:108:in `call'
  /usr/lib/ruby/gems/1.8/gems/rack-1.1.3/lib/rack/content_length.rb:13:in `call'
  /usr/lib/ruby/gems/1.8/gems/rack-1.1.3/lib/rack/handler/fastcgi.rb:57:in `serve'
  /usr/lib/ruby/gems/1.8/gems/rails-2.3.14/lib/fcgi_handler.rb:103:in `process_request'
  /usr/lib/ruby/gems/1.8/gems/rails-2.3.14/lib/fcgi_handler.rb:153:in `with_signal_handler'
  /usr/lib/ruby/gems/1.8/gems/rails-2.3.14/lib/fcgi_handler.rb:101:in `process_request'
  /usr/lib/ruby/gems/1.8/gems/rails-2.3.14/lib/fcgi_handler.rb:78:in `process_each_request'
  /usr/lib/ruby/gems/1.8/gems/rails-2.3.14/lib/fcgi_handler.rb:77:in `each'
  /usr/lib/ruby/gems/1.8/gems/rails-2.3.14/lib/fcgi_handler.rb:77:in `process_each_request'
  /usr/lib/ruby/gems/1.8/gems/rails-2.3.14/lib/fcgi_handler.rb:76:in `catch'
  /usr/lib/ruby/gems/1.8/gems/rails-2.3.14/lib/fcgi_handler.rb:76:in `process_each_request'
  /usr/lib/ruby/gems/1.8/gems/rails-2.3.14/lib/fcgi_handler.rb:51:in `process!'
  /usr/lib/ruby/gems/1.8/gems/rails-2.3.14/lib/fcgi_handler.rb:23:in `process!'
  dispatch.fcgi:24
unhandled dispatch error
[15/Sep/2012:20:49:57 :: 21371] Dispatcher failed to catch: Illegal route: the :controller must be specified! (ArgumentError)
  /usr/lib/ruby/gems/1.8/gems/actionpack-2.3.14/lib/action_controller/routing/builder.rb:175:in `build'
  /usr/lib/ruby/gems/1.8/gems/actionpack-2.3.14/lib/action_controller/routing/route_set.rb:310:in `add_route'
  /usr/lib/ruby/gems/1.8/gems/actionpack-2.3.14/lib/action_controller/routing/route_set.rb:318:in `add_named_route'
  /usr/lib/ruby/gems/1.8/gems/actionpack-2.3.14/lib/action_controller/routing/route_set.rb:33:in `named_route'
  /usr/lib/ruby/gems/1.8/gems/actionpack-2.3.14/lib/action_controller/routing/route_set.rb:29:in `root'
  /home/aakoch/railsapp/config/routes.rb:41
  /usr/lib/ruby/gems/1.8/gems/actionpack-2.3.14/lib/action_controller/routing/route_set.rb:227:in `draw'
  /home/aakoch/railsapp/config/routes.rb:1
  /usr/lib/ruby/gems/1.8/gems/activesupport-2.3.14/lib/active_support/dependencies.rb:171:in `load_without_new_constant_marking'
  /usr/lib/ruby/gems/1.8/gems/activesupport-2.3.14/lib/active_support/dependencies.rb:171:in `load'
  /usr/lib/ruby/gems/1.8/gems/activesupport-2.3.14/lib/active_support/dependencies.rb:547:in `new_constants_in'
  /usr/lib/ruby/gems/1.8/gems/activesupport-2.3.14/lib/active_support/dependencies.rb:171:in `load'
  /usr/lib/ruby/gems/1.8/gems/actionpack-2.3.14/lib/action_controller/routing/route_set.rb:287:in `load_routes!'
  /usr/lib/ruby/gems/1.8/gems/actionpack-2.3.14/lib/action_controller/routing/route_set.rb:287:in `each'
  /usr/lib/ruby/gems/1.8/gems/actionpack-2.3.14/lib/action_controller/routing/route_set.rb:287:in `load_routes!'
  /usr/lib/ruby/gems/1.8/gems/actionpack-2.3.14/lib/action_controller/routing/route_set.rb:267:in `load!'
  /usr/lib/ruby/gems/1.8/gems/actionpack-2.3.14/lib/action_controller/routing/route_set.rb:282:in `reload'
  /usr/lib/ruby/gems/1.8/gems/actionpack-2.3.14/lib/action_controller/dispatcher.rb:58:in `reload_application'
  /usr/lib/ruby/gems/1.8/gems/actionpack-2.3.14/lib/action_controller/reloader.rb:33:in `run'
  /usr/lib/ruby/gems/1.8/gems/actionpack-2.3.14/lib/action_controller/dispatcher.rb:108:in `call'
  /usr/lib/ruby/gems/1.8/gems/rack-1.1.3/lib/rack/content_length.rb:13:in `call'
  /usr/lib/ruby/gems/1.8/gems/rack-1.1.3/lib/rack/handler/fastcgi.rb:57:in `serve'
  /usr/lib/ruby/gems/1.8/gems/rails-2.3.14/lib/fcgi_handler.rb:103:in `process_request'
  /usr/lib/ruby/gems/1.8/gems/rails-2.3.14/lib/fcgi_handler.rb:153:in `with_signal_handler'
  /usr/lib/ruby/gems/1.8/gems/rails-2.3.14/lib/fcgi_handler.rb:101:in `process_request'
  /usr/lib/ruby/gems/1.8/gems/rails-2.3.14/lib/fcgi_handler.rb:78:in `process_each_request'
  /usr/lib/ruby/gems/1.8/gems/rails-2.3.14/lib/fcgi_handler.rb:77:in `each'
  /usr/lib/ruby/gems/1.8/gems/rails-2.3.14/lib/fcgi_handler.rb:77:in `process_each_request'
  /usr/lib/ruby/gems/1.8/gems/rails-2.3.14/lib/fcgi_handler.rb:76:in `catch'
  /usr/lib/ruby/gems/1.8/gems/rails-2.3.14/lib/fcgi_handler.rb:76:in `process_each_request'
  /usr/lib/ruby/gems/1.8/gems/rails-2.3.14/lib/fcgi_handler.rb:51:in `process!'
  /usr/lib/ruby/gems/1.8/gems/rails-2.3.14/lib/fcgi_handler.rb:23:in `process!'
  dispatch.fcgi:24
unhandled dispatch error
[15/Sep/2012:20:50:31 :: 21371] Dispatcher failed to catch: Illegal route: the :controller must be specified! (ArgumentError)
  /usr/lib/ruby/gems/1.8/gems/actionpack-2.3.14/lib/action_controller/routing/builder.rb:175:in `build'
  /usr/lib/ruby/gems/1.8/gems/actionpack-2.3.14/lib/action_controller/routing/route_set.rb:310:in `add_route'
  /usr/lib/ruby/gems/1.8/gems/actionpack-2.3.14/lib/action_controller/routing/route_set.rb:19:in `connect'
  /home/aakoch/railsapp/config/routes.rb:44
  /usr/lib/ruby/gems/1.8/gems/actionpack-2.3.14/lib/action_controller/routing/route_set.rb:227:in `draw'
  /home/aakoch/railsapp/config/routes.rb:1
  /usr/lib/ruby/gems/1.8/gems/activesupport-2.3.14/lib/active_support/dependencies.rb:171:in `load_without_new_constant_marking'
  /usr/lib/ruby/gems/1.8/gems/activesupport-2.3.14/lib/active_support/dependencies.rb:171:in `load'
  /usr/lib/ruby/gems/1.8/gems/activesupport-2.3.14/lib/active_support/dependencies.rb:547:in `new_constants_in'
  /usr/lib/ruby/gems/1.8/gems/activesupport-2.3.14/lib/active_support/dependencies.rb:171:in `load'
  /usr/lib/ruby/gems/1.8/gems/actionpack-2.3.14/lib/action_controller/routing/route_set.rb:287:in `load_routes!'
  /usr/lib/ruby/gems/1.8/gems/actionpack-2.3.14/lib/action_controller/routing/route_set.rb:287:in `each'
  /usr/lib/ruby/gems/1.8/gems/actionpack-2.3.14/lib/action_controller/routing/route_set.rb:287:in `load_routes!'
  /usr/lib/ruby/gems/1.8/gems/actionpack-2.3.14/lib/action_controller/routing/route_set.rb:267:in `load!'
  /usr/lib/ruby/gems/1.8/gems/actionpack-2.3.14/lib/action_controller/routing/route_set.rb:282:in `reload'
  /usr/lib/ruby/gems/1.8/gems/actionpack-2.3.14/lib/action_controller/dispatcher.rb:58:in `reload_application'
  /usr/lib/ruby/gems/1.8/gems/actionpack-2.3.14/lib/action_controller/reloader.rb:33:in `run'
  /usr/lib/ruby/gems/1.8/gems/actionpack-2.3.14/lib/action_controller/dispatcher.rb:108:in `call'
  /usr/lib/ruby/gems/1.8/gems/rack-1.1.3/lib/rack/content_length.rb:13:in `call'
  /usr/lib/ruby/gems/1.8/gems/rack-1.1.3/lib/rack/handler/fastcgi.rb:57:in `serve'
  /usr/lib/ruby/gems/1.8/gems/rails-2.3.14/lib/fcgi_handler.rb:103:in `process_request'
  /usr/lib/ruby/gems/1.8/gems/rails-2.3.14/lib/fcgi_handler.rb:153:in `with_signal_handler'
  /usr/lib/ruby/gems/1.8/gems/rails-2.3.14/lib/fcgi_handler.rb:101:in `process_request'
  /usr/lib/ruby/gems/1.8/gems/rails-2.3.14/lib/fcgi_handler.rb:78:in `process_each_request'
  /usr/lib/ruby/gems/1.8/gems/rails-2.3.14/lib/fcgi_handler.rb:77:in `each'
  /usr/lib/ruby/gems/1.8/gems/rails-2.3.14/lib/fcgi_handler.rb:77:in `process_each_request'
  /usr/lib/ruby/gems/1.8/gems/rails-2.3.14/lib/fcgi_handler.rb:76:in `catch'
  /usr/lib/ruby/gems/1.8/gems/rails-2.3.14/lib/fcgi_handler.rb:76:in `process_each_request'
  /usr/lib/ruby/gems/1.8/gems/rails-2.3.14/lib/fcgi_handler.rb:51:in `process!'
  /usr/lib/ruby/gems/1.8/gems/rails-2.3.14/lib/fcgi_handler.rb:23:in `process!'
  dispatch.fcgi:24
unhandled dispatch error
[15/Sep/2012:20:52:27 :: 21371] asked to stop immediately
[15/Sep/2012:20:52:27 :: 21371] stopping after explicit exit
[15/Sep/2012:21:05:10 :: 26853] starting
[15/Sep/2012:22:05:47 :: 26853] asked to stop immediately
[15/Sep/2012:22:05:47 :: 26853] stopping after explicit exit
[16/Sep/2012:12:18:46 :: 2876] starting
[16/Sep/2012:18:59:58 :: 30502] starting
